[1.611s] DEBUG:colcon:Command line arguments: ['/usr/bin/colcon', 'build']
[1.611s] DEBUG:colcon:Parsed command line arguments: Namespace(log_base=None, log_level=None, verb_name='build', build_base='build', install_base='install', merge_install=False, symlink_install=False, test_result_base=None, continue_on_error=False, executor='parallel', parallel_workers=3, event_handlers=None, ignore_user_meta=False, metas=['./colcon.meta'], base_paths=['.'], packages_ignore=None, packages_ignore_regex=None, paths=None, packages_up_to=None, packages_up_to_regex=None, packages_above=None, packages_above_and_dependencies=None, packages_above_depth=None, packages_select_by_dep=None, packages_skip_by_dep=None, packages_skip_up_to=None, packages_select_build_failed=False, packages_skip_build_finished=False, packages_select_test_failures=False, packages_skip_test_passed=False, packages_select=None, packages_skip=None, packages_select_regex=None, packages_skip_regex=None, packages_start=None, packages_end=None, allow_overriding=[], cmake_args=None, cmake_target=None, cmake_target_skip_unavailable=False, cmake_clean_cache=False, cmake_clean_first=False, cmake_force_configure=False, ament_cmake_args=None, catkin_cmake_args=None, catkin_skip_building_tests=False, verb_parser=<colcon_defaults.argument_parser.defaults.DefaultArgumentsDecorator object at 0x7fc5a7a8b820>, verb_extension=<colcon_core.verb.build.BuildVerb object at 0x7fc5a7a06560>, main=<bound method BuildVerb.main of <colcon_core.verb.build.BuildVerb object at 0x7fc5a7a06560>>)
[1.801s] Level 1:colcon.colcon_core.package_discovery:discover_packages(colcon_meta) check parameters
[1.802s] Level 1:colcon.colcon_core.package_discovery:discover_packages(recursive) check parameters
[1.802s] Level 1:colcon.colcon_core.package_discovery:discover_packages(ignore) check parameters
[1.802s] Level 1:colcon.colcon_core.package_discovery:discover_packages(path) check parameters
[1.802s] Level 1:colcon.colcon_core.package_discovery:discover_packages(colcon_meta) discover
[1.802s] Level 1:colcon.colcon_core.package_discovery:discover_packages(recursive) discover
[1.802s] INFO:colcon.colcon_core.package_discovery:Crawling recursively for packages in '/home/abhinavparbhakar/SPEAR/Software_2023'
[1.803s] Level 1:colcon.colcon_core.package_identification:_identify(.) by extensions ['ignore', 'ignore_ament_install']
[1.803s] Level 1:colcon.colcon_core.package_identification:_identify(.) by extension 'ignore'
[1.804s] Level 1:colcon.colcon_core.package_identification:_identify(.) by extension 'ignore_ament_install'
[1.804s] Level 1:colcon.colcon_core.package_identification:_identify(.) by extensions ['colcon_pkg']
[1.804s] Level 1:colcon.colcon_core.package_identification:_identify(.) by extension 'colcon_pkg'
[1.805s] Level 1:colcon.colcon_core.package_identification:_identify(.) by extensions ['colcon_meta']
[1.805s] Level 1:colcon.colcon_core.package_identification:_identify(.) by extension 'colcon_meta'
[1.805s] Level 1:colcon.colcon_core.package_identification:_identify(.) by extensions ['ros']
[1.805s] Level 1:colcon.colcon_core.package_identification:_identify(.) by extension 'ros'
[1.848s] Level 1:colcon.colcon_core.package_identification:_identify(.) by extensions ['cmake', 'python']
[1.848s] Level 1:colcon.colcon_core.package_identification:_identify(.) by extension 'cmake'
[1.848s] Level 1:colcon.colcon_core.package_identification:_identify(.) by extension 'python'
[1.848s] Level 1:colcon.colcon_core.package_identification:_identify(.) by extensions ['python_setup_py']
[1.848s] Level 1:colcon.colcon_core.package_identification:_identify(.) by extension 'python_setup_py'
[1.849s] Level 1:colcon.colcon_core.package_identification:_identify(build) by extensions ['ignore', 'ignore_ament_install']
[1.849s] Level 1:colcon.colcon_core.package_identification:_identify(build) by extension 'ignore'
[1.849s] Level 1:colcon.colcon_core.package_identification:_identify(build) ignored
[1.849s] Level 1:colcon.colcon_core.package_identification:_identify(install) by extensions ['ignore', 'ignore_ament_install']
[1.849s] Level 1:colcon.colcon_core.package_identification:_identify(install) by extension 'ignore'
[1.849s] Level 1:colcon.colcon_core.package_identification:_identify(install) ignored
[1.849s] Level 1:colcon.colcon_core.package_identification:_identify(log) by extensions ['ignore', 'ignore_ament_install']
[1.849s] Level 1:colcon.colcon_core.package_identification:_identify(log) by extension 'ignore'
[1.849s] Level 1:colcon.colcon_core.package_identification:_identify(log) ignored
[1.849s] Level 1:colcon.colcon_core.package_identification:_identify(src) by extensions ['ignore', 'ignore_ament_install']
[1.850s] Level 1:colcon.colcon_core.package_identification:_identify(src) by extension 'ignore'
[1.850s] Level 1:colcon.colcon_core.package_identification:_identify(src) by extension 'ignore_ament_install'
[1.850s] Level 1:colcon.colcon_core.package_identification:_identify(src) by extensions ['colcon_pkg']
[1.850s] Level 1:colcon.colcon_core.package_identification:_identify(src) by extension 'colcon_pkg'
[1.850s] Level 1:colcon.colcon_core.package_identification:_identify(src) by extensions ['colcon_meta']
[1.850s] Level 1:colcon.colcon_core.package_identification:_identify(src) by extension 'colcon_meta'
[1.850s] Level 1:colcon.colcon_core.package_identification:_identify(src) by extensions ['ros']
[1.850s] Level 1:colcon.colcon_core.package_identification:_identify(src) by extension 'ros'
[1.850s] Level 1:colcon.colcon_core.package_identification:_identify(src) by extensions ['cmake', 'python']
[1.850s] Level 1:colcon.colcon_core.package_identification:_identify(src) by extension 'cmake'
[1.851s] Level 1:colcon.colcon_core.package_identification:_identify(src) by extension 'python'
[1.851s] Level 1:colcon.colcon_core.package_identification:_identify(src) by extensions ['python_setup_py']
[1.851s] Level 1:colcon.colcon_core.package_identification:_identify(src) by extension 'python_setup_py'
[1.851s] Level 1:colcon.colcon_core.package_identification:_identify(src/arm_control) by extensions ['ignore', 'ignore_ament_install']
[1.852s] Level 1:colcon.colcon_core.package_identification:_identify(src/arm_control) by extension 'ignore'
[1.852s] Level 1:colcon.colcon_core.package_identification:_identify(src/arm_control) by extension 'ignore_ament_install'
[1.852s] Level 1:colcon.colcon_core.package_identification:_identify(src/arm_control) by extensions ['colcon_pkg']
[1.852s] Level 1:colcon.colcon_core.package_identification:_identify(src/arm_control) by extension 'colcon_pkg'
[1.852s] Level 1:colcon.colcon_core.package_identification:_identify(src/arm_control) by extensions ['colcon_meta']
[1.852s] Level 1:colcon.colcon_core.package_identification:_identify(src/arm_control) by extension 'colcon_meta'
[1.852s] Level 1:colcon.colcon_core.package_identification:_identify(src/arm_control) by extensions ['ros']
[1.852s] Level 1:colcon.colcon_core.package_identification:_identify(src/arm_control) by extension 'ros'
[1.867s] DEBUG:colcon.colcon_core.package_identification:Package 'src/arm_control' with type 'ros.ament_python' and name 'arm_control'
[1.868s] Level 1:colcon.colcon_core.package_identification:_identify(src/teleop) by extensions ['ignore', 'ignore_ament_install']
[1.868s] Level 1:colcon.colcon_core.package_identification:_identify(src/teleop) by extension 'ignore'
[1.868s] Level 1:colcon.colcon_core.package_identification:_identify(src/teleop) by extension 'ignore_ament_install'
[1.868s] Level 1:colcon.colcon_core.package_identification:_identify(src/teleop) by extensions ['colcon_pkg']
[1.868s] Level 1:colcon.colcon_core.package_identification:_identify(src/teleop) by extension 'colcon_pkg'
[1.868s] Level 1:colcon.colcon_core.package_identification:_identify(src/teleop) by extensions ['colcon_meta']
[1.868s] Level 1:colcon.colcon_core.package_identification:_identify(src/teleop) by extension 'colcon_meta'
[1.868s] Level 1:colcon.colcon_core.package_identification:_identify(src/teleop) by extensions ['ros']
[1.868s] Level 1:colcon.colcon_core.package_identification:_identify(src/teleop) by extension 'ros'
[1.869s] DEBUG:colcon.colcon_core.package_identification:Package 'src/teleop' with type 'ros.ament_python' and name 'teleop'
[1.869s] Level 1:colcon.colcon_core.package_discovery:discover_packages(recursive) using defaults
[1.869s] Level 1:colcon.colcon_core.package_discovery:discover_packages(ignore) discover
[1.869s] Level 1:colcon.colcon_core.package_discovery:discover_packages(ignore) using defaults
[1.869s] Level 1:colcon.colcon_core.package_discovery:discover_packages(path) discover
[1.869s] Level 1:colcon.colcon_core.package_discovery:discover_packages(path) using defaults
[1.985s] Level 1:colcon.colcon_core.package_discovery:discover_packages(prefix_path) check parameters
[1.985s] Level 1:colcon.colcon_core.package_discovery:discover_packages(prefix_path) discover
[2.002s] DEBUG:colcon.colcon_installed_package_information.package_discovery:Found 281 installed packages in /opt/ros/iron
[2.004s] Level 1:colcon.colcon_core.package_discovery:discover_packages(prefix_path) using defaults
[2.284s] Level 5:colcon.colcon_core.verb:set package 'arm_control' build argument 'cmake_args' from command line to 'None'
[2.285s] Level 5:colcon.colcon_core.verb:set package 'arm_control' build argument 'cmake_target' from command line to 'None'
[2.285s] Level 5:colcon.colcon_core.verb:set package 'arm_control' build argument 'cmake_target_skip_unavailable' from command line to 'False'
[2.285s] Level 5:colcon.colcon_core.verb:set package 'arm_control' build argument 'cmake_clean_cache' from command line to 'False'
[2.285s] Level 5:colcon.colcon_core.verb:set package 'arm_control' build argument 'cmake_clean_first' from command line to 'False'
[2.285s] Level 5:colcon.colcon_core.verb:set package 'arm_control' build argument 'cmake_force_configure' from command line to 'False'
[2.285s] Level 5:colcon.colcon_core.verb:set package 'arm_control' build argument 'ament_cmake_args' from command line to 'None'
[2.285s] Level 5:colcon.colcon_core.verb:set package 'arm_control' build argument 'catkin_cmake_args' from command line to 'None'
[2.285s] Level 5:colcon.colcon_core.verb:set package 'arm_control' build argument 'catkin_skip_building_tests' from command line to 'False'
[2.285s] DEBUG:colcon.colcon_core.verb:Building package 'arm_control' with the following arguments: {'ament_cmake_args': None, 'build_base': '/home/abhinavparbhakar/SPEAR/Software_2023/build/arm_control', 'catkin_cmake_args': None, 'catkin_skip_building_tests': False, 'cmake_args': None, 'cmake_clean_cache': False, 'cmake_clean_first': False, 'cmake_force_configure': False, 'cmake_target': None, 'cmake_target_skip_unavailable': False, 'install_base': '/home/abhinavparbhakar/SPEAR/Software_2023/install/arm_control', 'merge_install': False, 'path': '/home/abhinavparbhakar/SPEAR/Software_2023/src/arm_control', 'symlink_install': False, 'test_result_base': None}
[2.287s] Level 5:colcon.colcon_core.verb:set package 'teleop' build argument 'cmake_args' from command line to 'None'
[2.287s] Level 5:colcon.colcon_core.verb:set package 'teleop' build argument 'cmake_target' from command line to 'None'
[2.287s] Level 5:colcon.colcon_core.verb:set package 'teleop' build argument 'cmake_target_skip_unavailable' from command line to 'False'
[2.287s] Level 5:colcon.colcon_core.verb:set package 'teleop' build argument 'cmake_clean_cache' from command line to 'False'
[2.287s] Level 5:colcon.colcon_core.verb:set package 'teleop' build argument 'cmake_clean_first' from command line to 'False'
[2.287s] Level 5:colcon.colcon_core.verb:set package 'teleop' build argument 'cmake_force_configure' from command line to 'False'
[2.287s] Level 5:colcon.colcon_core.verb:set package 'teleop' build argument 'ament_cmake_args' from command line to 'None'
[2.287s] Level 5:colcon.colcon_core.verb:set package 'teleop' build argument 'catkin_cmake_args' from command line to 'None'
[2.287s] Level 5:colcon.colcon_core.verb:set package 'teleop' build argument 'catkin_skip_building_tests' from command line to 'False'
[2.287s] DEBUG:colcon.colcon_core.verb:Building package 'teleop' with the following arguments: {'ament_cmake_args': None, 'build_base': '/home/abhinavparbhakar/SPEAR/Software_2023/build/teleop', 'catkin_cmake_args': None, 'catkin_skip_building_tests': False, 'cmake_args': None, 'cmake_clean_cache': False, 'cmake_clean_first': False, 'cmake_force_configure': False, 'cmake_target': None, 'cmake_target_skip_unavailable': False, 'install_base': '/home/abhinavparbhakar/SPEAR/Software_2023/install/teleop', 'merge_install': False, 'path': '/home/abhinavparbhakar/SPEAR/Software_2023/src/teleop', 'symlink_install': False, 'test_result_base': None}
[2.288s] INFO:colcon.colcon_core.executor:Executing jobs using 'parallel' executor
[2.292s] DEBUG:colcon.colcon_parallel_executor.executor.parallel:run_until_complete
[2.293s] INFO:colcon.colcon_ros.task.ament_python.build:Building ROS package in '/home/abhinavparbhakar/SPEAR/Software_2023/src/arm_control' with build type 'ament_python'
[2.293s] Level 1:colcon.colcon_core.shell:create_environment_hook('arm_control', 'ament_prefix_path')
[2.327s] INFO:colcon.colcon_core.plugin_system:Skipping extension 'colcon_core.shell.bat': Not used on non-Windows systems
[2.327s] INFO:colcon.colcon_core.shell:Creating environment hook '/home/abhinavparbhakar/SPEAR/Software_2023/install/arm_control/share/arm_control/hook/ament_prefix_path.ps1'
[2.330s] INFO:colcon.colcon_core.shell:Creating environment descriptor '/home/abhinavparbhakar/SPEAR/Software_2023/install/arm_control/share/arm_control/hook/ament_prefix_path.dsv'
[2.332s] INFO:colcon.colcon_core.shell:Creating environment hook '/home/abhinavparbhakar/SPEAR/Software_2023/install/arm_control/share/arm_control/hook/ament_prefix_path.sh'
[2.335s] INFO:colcon.colcon_core.shell:Skip shell extension 'powershell' for command environment: Not usable outside of PowerShell
[2.335s] DEBUG:colcon.colcon_core.shell:Skip shell extension 'dsv' for command environment
[2.348s] INFO:colcon.colcon_ros.task.ament_python.build:Building ROS package in '/home/abhinavparbhakar/SPEAR/Software_2023/src/teleop' with build type 'ament_python'
[2.348s] Level 1:colcon.colcon_core.shell:create_environment_hook('teleop', 'ament_prefix_path')
[2.350s] INFO:colcon.colcon_core.shell:Creating environment hook '/home/abhinavparbhakar/SPEAR/Software_2023/install/teleop/share/teleop/hook/ament_prefix_path.ps1'
[2.353s] INFO:colcon.colcon_core.shell:Creating environment descriptor '/home/abhinavparbhakar/SPEAR/Software_2023/install/teleop/share/teleop/hook/ament_prefix_path.dsv'
[2.354s] INFO:colcon.colcon_core.shell:Creating environment hook '/home/abhinavparbhakar/SPEAR/Software_2023/install/teleop/share/teleop/hook/ament_prefix_path.sh'
[2.357s] INFO:colcon.colcon_core.shell:Skip shell extension 'powershell' for command environment: Not usable outside of PowerShell
[2.357s] DEBUG:colcon.colcon_core.shell:Skip shell extension 'dsv' for command environment
[2.856s] INFO:colcon.colcon_core.task.python.build:Building Python package in '/home/abhinavparbhakar/SPEAR/Software_2023/src/arm_control'
[2.858s] INFO:colcon.colcon_core.shell:Skip shell extension 'powershell' for command environment: Not usable outside of PowerShell
[2.858s] DEBUG:colcon.colcon_core.shell:Skip shell extension 'dsv' for command environment
[3.505s] INFO:colcon.colcon_core.task.python.build:Building Python package in '/home/abhinavparbhakar/SPEAR/Software_2023/src/teleop'
[3.507s] INFO:colcon.colcon_core.shell:Skip shell extension 'powershell' for command environment: Not usable outside of PowerShell
[3.508s] DEBUG:colcon.colcon_core.shell:Skip shell extension 'dsv' for command environment
[4.580s] DEBUG:colcon.colcon_core.event_handler.log_command:Invoking command in '/home/abhinavparbhakar/SPEAR/Software_2023/src/arm_control': PYTHONPATH=/home/abhinavparbhakar/SPEAR/Software_2023/build/arm_control/prefix_override:/home/abhinavparbhakar/SPEAR/Software_2023/install/arm_control/lib/python3.10/site-packages:${PYTHONPATH} /usr/bin/python3 setup.py egg_info --egg-base ../../build/arm_control build --build-base /home/abhinavparbhakar/SPEAR/Software_2023/build/arm_control/build install --record /home/abhinavparbhakar/SPEAR/Software_2023/build/arm_control/install.log --single-version-externally-managed
[4.618s] DEBUG:colcon.colcon_core.event_handler.log_command:Invoking command in '/home/abhinavparbhakar/SPEAR/Software_2023/src/teleop': PYTHONPATH=/home/abhinavparbhakar/SPEAR/Software_2023/build/teleop/prefix_override:/home/abhinavparbhakar/SPEAR/Software_2023/install/teleop/lib/python3.10/site-packages:${PYTHONPATH} /usr/bin/python3 setup.py egg_info --egg-base ../../build/teleop build --build-base /home/abhinavparbhakar/SPEAR/Software_2023/build/teleop/build install --record /home/abhinavparbhakar/SPEAR/Software_2023/build/teleop/install.log --single-version-externally-managed
[5.420s] DEBUG:colcon.colcon_core.event_handler.log_command:Invoked command in '/home/abhinavparbhakar/SPEAR/Software_2023/src/arm_control' returned '0': PYTHONPATH=/home/abhinavparbhakar/SPEAR/Software_2023/build/arm_control/prefix_override:/home/abhinavparbhakar/SPEAR/Software_2023/install/arm_control/lib/python3.10/site-packages:${PYTHONPATH} /usr/bin/python3 setup.py egg_info --egg-base ../../build/arm_control build --build-base /home/abhinavparbhakar/SPEAR/Software_2023/build/arm_control/build install --record /home/abhinavparbhakar/SPEAR/Software_2023/build/arm_control/install.log --single-version-externally-managed
[5.468s] Level 1:colcon.colcon_core.environment:checking '/home/abhinavparbhakar/SPEAR/Software_2023/install/arm_control' for CMake module files
[5.469s] Level 1:colcon.colcon_core.environment:checking '/home/abhinavparbhakar/SPEAR/Software_2023/install/arm_control' for CMake config files
[5.470s] Level 1:colcon.colcon_core.environment:checking '/home/abhinavparbhakar/SPEAR/Software_2023/install/arm_control/lib'
[5.471s] Level 1:colcon.colcon_core.environment:checking '/home/abhinavparbhakar/SPEAR/Software_2023/install/arm_control/bin'
[5.471s] Level 1:colcon.colcon_core.environment:checking '/home/abhinavparbhakar/SPEAR/Software_2023/install/arm_control/lib/pkgconfig/arm_control.pc'
[5.471s] Level 1:colcon.colcon_core.environment:checking '/home/abhinavparbhakar/SPEAR/Software_2023/install/arm_control/lib/python3.10/site-packages'
[5.472s] Level 1:colcon.colcon_core.shell:create_environment_hook('arm_control', 'pythonpath')
[5.474s] INFO:colcon.colcon_core.shell:Creating environment hook '/home/abhinavparbhakar/SPEAR/Software_2023/install/arm_control/share/arm_control/hook/pythonpath.ps1'
[5.475s] INFO:colcon.colcon_core.shell:Creating environment descriptor '/home/abhinavparbhakar/SPEAR/Software_2023/install/arm_control/share/arm_control/hook/pythonpath.dsv'
[5.476s] INFO:colcon.colcon_core.shell:Creating environment hook '/home/abhinavparbhakar/SPEAR/Software_2023/install/arm_control/share/arm_control/hook/pythonpath.sh'
[5.477s] Level 1:colcon.colcon_core.environment:checking '/home/abhinavparbhakar/SPEAR/Software_2023/install/arm_control/bin'
[5.477s] Level 1:colcon.colcon_core.environment:create_environment_scripts_only(arm_control)
[5.479s] INFO:colcon.colcon_core.shell:Creating package script '/home/abhinavparbhakar/SPEAR/Software_2023/install/arm_control/share/arm_control/package.ps1'
[5.488s] INFO:colcon.colcon_core.shell:Creating package descriptor '/home/abhinavparbhakar/SPEAR/Software_2023/install/arm_control/share/arm_control/package.dsv'
[5.490s] INFO:colcon.colcon_core.shell:Creating package script '/home/abhinavparbhakar/SPEAR/Software_2023/install/arm_control/share/arm_control/package.sh'
[5.494s] INFO:colcon.colcon_core.shell:Creating package script '/home/abhinavparbhakar/SPEAR/Software_2023/install/arm_control/share/arm_control/package.bash'
[5.500s] INFO:colcon.colcon_core.shell:Creating package script '/home/abhinavparbhakar/SPEAR/Software_2023/install/arm_control/share/arm_control/package.zsh'
[5.505s] Level 1:colcon.colcon_core.environment:create_file_with_runtime_dependencies(/home/abhinavparbhakar/SPEAR/Software_2023/install/arm_control/share/colcon-core/packages/arm_control)
[5.513s] DEBUG:colcon.colcon_core.event_handler.log_command:Invoked command in '/home/abhinavparbhakar/SPEAR/Software_2023/src/teleop' returned '0': PYTHONPATH=/home/abhinavparbhakar/SPEAR/Software_2023/build/teleop/prefix_override:/home/abhinavparbhakar/SPEAR/Software_2023/install/teleop/lib/python3.10/site-packages:${PYTHONPATH} /usr/bin/python3 setup.py egg_info --egg-base ../../build/teleop build --build-base /home/abhinavparbhakar/SPEAR/Software_2023/build/teleop/build install --record /home/abhinavparbhakar/SPEAR/Software_2023/build/teleop/install.log --single-version-externally-managed
[5.516s] Level 1:colcon.colcon_core.environment:checking '/home/abhinavparbhakar/SPEAR/Software_2023/install/teleop' for CMake module files
[5.517s] Level 1:colcon.colcon_core.environment:checking '/home/abhinavparbhakar/SPEAR/Software_2023/install/teleop' for CMake config files
[5.519s] Level 1:colcon.colcon_core.environment:checking '/home/abhinavparbhakar/SPEAR/Software_2023/install/teleop/lib'
[5.519s] Level 1:colcon.colcon_core.environment:checking '/home/abhinavparbhakar/SPEAR/Software_2023/install/teleop/bin'
[5.519s] Level 1:colcon.colcon_core.environment:checking '/home/abhinavparbhakar/SPEAR/Software_2023/install/teleop/lib/pkgconfig/teleop.pc'
[5.520s] Level 1:colcon.colcon_core.environment:checking '/home/abhinavparbhakar/SPEAR/Software_2023/install/teleop/lib/python3.10/site-packages'
[5.521s] Level 1:colcon.colcon_core.shell:create_environment_hook('teleop', 'pythonpath')
[5.525s] INFO:colcon.colcon_core.shell:Creating environment hook '/home/abhinavparbhakar/SPEAR/Software_2023/install/teleop/share/teleop/hook/pythonpath.ps1'
[5.527s] INFO:colcon.colcon_core.shell:Creating environment descriptor '/home/abhinavparbhakar/SPEAR/Software_2023/install/teleop/share/teleop/hook/pythonpath.dsv'
[5.529s] INFO:colcon.colcon_core.shell:Creating environment hook '/home/abhinavparbhakar/SPEAR/Software_2023/install/teleop/share/teleop/hook/pythonpath.sh'
[5.530s] Level 1:colcon.colcon_core.environment:checking '/home/abhinavparbhakar/SPEAR/Software_2023/install/teleop/bin'
[5.530s] Level 1:colcon.colcon_core.environment:create_environment_scripts_only(teleop)
[5.533s] INFO:colcon.colcon_core.shell:Creating package script '/home/abhinavparbhakar/SPEAR/Software_2023/install/teleop/share/teleop/package.ps1'
[5.534s] INFO:colcon.colcon_core.shell:Creating package descriptor '/home/abhinavparbhakar/SPEAR/Software_2023/install/teleop/share/teleop/package.dsv'
[5.536s] INFO:colcon.colcon_core.shell:Creating package script '/home/abhinavparbhakar/SPEAR/Software_2023/install/teleop/share/teleop/package.sh'
[5.537s] INFO:colcon.colcon_core.shell:Creating package script '/home/abhinavparbhakar/SPEAR/Software_2023/install/teleop/share/teleop/package.bash'
[5.538s] INFO:colcon.colcon_core.shell:Creating package script '/home/abhinavparbhakar/SPEAR/Software_2023/install/teleop/share/teleop/package.zsh'
[5.539s] Level 1:colcon.colcon_core.environment:create_file_with_runtime_dependencies(/home/abhinavparbhakar/SPEAR/Software_2023/install/teleop/share/colcon-core/packages/teleop)
[5.547s] DEBUG:colcon.colcon_parallel_executor.executor.parallel:closing loop
[5.548s] DEBUG:colcon.colcon_parallel_executor.executor.parallel:loop closed
[5.548s] DEBUG:colcon.colcon_parallel_executor.executor.parallel:run_until_complete finished with '0'
[5.548s] DEBUG:colcon.colcon_core.event_reactor:joining thread
[5.589s] INFO:colcon.colcon_core.plugin_system:Skipping extension 'colcon_notification.desktop_notification.terminal_notifier': Not used on non-Darwin systems
[5.589s] INFO:colcon.colcon_core.plugin_system:Skipping extension 'colcon_notification.desktop_notification.win32': Not used on non-Windows systems
[5.589s] INFO:colcon.colcon_notification.desktop_notification:Sending desktop notification using 'notify2'
[5.822s] DEBUG:colcon.colcon_core.event_reactor:joined thread
[5.824s] INFO:colcon.colcon_core.shell:Creating prefix script '/home/abhinavparbhakar/SPEAR/Software_2023/install/local_setup.ps1'
[5.826s] INFO:colcon.colcon_core.shell:Creating prefix util module '/home/abhinavparbhakar/SPEAR/Software_2023/install/_local_setup_util_ps1.py'
[5.829s] INFO:colcon.colcon_core.shell:Creating prefix chain script '/home/abhinavparbhakar/SPEAR/Software_2023/install/setup.ps1'
[5.832s] INFO:colcon.colcon_core.shell:Creating prefix script '/home/abhinavparbhakar/SPEAR/Software_2023/install/local_setup.sh'
[5.833s] INFO:colcon.colcon_core.shell:Creating prefix util module '/home/abhinavparbhakar/SPEAR/Software_2023/install/_local_setup_util_sh.py'
[5.834s] INFO:colcon.colcon_core.shell:Creating prefix chain script '/home/abhinavparbhakar/SPEAR/Software_2023/install/setup.sh'
[5.838s] INFO:colcon.colcon_core.shell:Creating prefix script '/home/abhinavparbhakar/SPEAR/Software_2023/install/local_setup.bash'
[5.841s] INFO:colcon.colcon_core.shell:Creating prefix chain script '/home/abhinavparbhakar/SPEAR/Software_2023/install/setup.bash'
[5.848s] INFO:colcon.colcon_core.shell:Creating prefix script '/home/abhinavparbhakar/SPEAR/Software_2023/install/local_setup.zsh'
[5.850s] INFO:colcon.colcon_core.shell:Creating prefix chain script '/home/abhinavparbhakar/SPEAR/Software_2023/install/setup.zsh'
