[0.542s] Invoking command in '/home/indy03/Desktop/Software_2023/src/teleop': PYTHONPATH=/home/indy03/Desktop/Software_2023/build/teleop/prefix_override:/home/indy03/Desktop/Software_2023/install/teleop/lib/python3.10/site-packages:${PYTHONPATH} /usr/bin/python3 setup.py egg_info --egg-base ../../build/teleop build --build-base /home/indy03/Desktop/Software_2023/build/teleop/build install --record /home/indy03/Desktop/Software_2023/build/teleop/install.log --single-version-externally-managed
[0.662s] running egg_info
[0.662s] creating ../../build/teleop/teleop.egg-info
[0.663s] writing ../../build/teleop/teleop.egg-info/PKG-INFO
[0.664s] writing dependency_links to ../../build/teleop/teleop.egg-info/dependency_links.txt
[0.664s] writing entry points to ../../build/teleop/teleop.egg-info/entry_points.txt
[0.664s] writing requirements to ../../build/teleop/teleop.egg-info/requires.txt
[0.665s] writing top-level names to ../../build/teleop/teleop.egg-info/top_level.txt
[0.665s] writing manifest file '../../build/teleop/teleop.egg-info/SOURCES.txt'
[0.665s] reading manifest file '../../build/teleop/teleop.egg-info/SOURCES.txt'
[0.665s] writing manifest file '../../build/teleop/teleop.egg-info/SOURCES.txt'
[0.665s] running build
[0.665s] running build_py
[0.665s] creating /home/indy03/Desktop/Software_2023/build/teleop/build
[0.666s] creating /home/indy03/Desktop/Software_2023/build/teleop/build/lib
[0.666s] creating /home/indy03/Desktop/Software_2023/build/teleop/build/lib/teleop
[0.666s] copying teleop/__init__.py -> /home/indy03/Desktop/Software_2023/build/teleop/build/lib/teleop
[0.666s] copying teleop/joystick.py -> /home/indy03/Desktop/Software_2023/build/teleop/build/lib/teleop
[0.666s] running install
[0.667s] /usr/lib/python3/dist-packages/setuptools/command/install.py:34: SetuptoolsDeprecationWarning: setup.py install is deprecated. Use build and pip and other standards-based tools.
[0.667s]   warnings.warn(
[0.667s] running install_lib
[0.668s] creating /home/indy03/Desktop/Software_2023/install/teleop/lib/python3.10/site-packages/teleop
[0.668s] copying /home/indy03/Desktop/Software_2023/build/teleop/build/lib/teleop/__init__.py -> /home/indy03/Desktop/Software_2023/install/teleop/lib/python3.10/site-packages/teleop
[0.668s] copying /home/indy03/Desktop/Software_2023/build/teleop/build/lib/teleop/joystick.py -> /home/indy03/Desktop/Software_2023/install/teleop/lib/python3.10/site-packages/teleop
[0.668s] byte-compiling /home/indy03/Desktop/Software_2023/install/teleop/lib/python3.10/site-packages/teleop/__init__.py to __init__.cpython-310.pyc
[0.668s] byte-compiling /home/indy03/Desktop/Software_2023/install/teleop/lib/python3.10/site-packages/teleop/joystick.py to joystick.cpython-310.pyc
[0.669s] running install_data
[0.669s] creating /home/indy03/Desktop/Software_2023/install/teleop/share/ament_index
[0.669s] creating /home/indy03/Desktop/Software_2023/install/teleop/share/ament_index/resource_index
[0.669s] creating /home/indy03/Desktop/Software_2023/install/teleop/share/ament_index/resource_index/packages
[0.669s] copying resource/teleop -> /home/indy03/Desktop/Software_2023/install/teleop/share/ament_index/resource_index/packages
[0.669s] copying package.xml -> /home/indy03/Desktop/Software_2023/install/teleop/share/teleop
[0.669s] running install_egg_info
[0.670s] Copying ../../build/teleop/teleop.egg-info to /home/indy03/Desktop/Software_2023/install/teleop/lib/python3.10/site-packages/teleop-0.0.0-py3.10.egg-info
[0.670s] running install_scripts
[0.682s] Installing teleop_node script to /home/indy03/Desktop/Software_2023/install/teleop/lib/teleop
[0.683s] writing list of installed files to '/home/indy03/Desktop/Software_2023/build/teleop/install.log'
[0.698s] Invoked command in '/home/indy03/Desktop/Software_2023/src/teleop' returned '0': PYTHONPATH=/home/indy03/Desktop/Software_2023/build/teleop/prefix_override:/home/indy03/Desktop/Software_2023/install/teleop/lib/python3.10/site-packages:${PYTHONPATH} /usr/bin/python3 setup.py egg_info --egg-base ../../build/teleop build --build-base /home/indy03/Desktop/Software_2023/build/teleop/build install --record /home/indy03/Desktop/Software_2023/build/teleop/install.log --single-version-externally-managed
