[2.283s] Invoking command in '/home/abhinavparbhakar/SPEAR/Software_2023/src/arm_control': PYTHONPATH=/home/abhinavparbhakar/SPEAR/Software_2023/build/arm_control/prefix_override:/home/abhinavparbhakar/SPEAR/Software_2023/install/arm_control/lib/python3.10/site-packages:${PYTHONPATH} /usr/bin/python3 setup.py egg_info --egg-base ../../build/arm_control build --build-base /home/abhinavparbhakar/SPEAR/Software_2023/build/arm_control/build install --record /home/abhinavparbhakar/SPEAR/Software_2023/build/arm_control/install.log --single-version-externally-managed
[2.943s] running egg_info
[2.944s] creating ../../build/arm_control/arm_control.egg-info
[2.944s] writing ../../build/arm_control/arm_control.egg-info/PKG-INFO
[2.944s] writing dependency_links to ../../build/arm_control/arm_control.egg-info/dependency_links.txt
[2.944s] writing entry points to ../../build/arm_control/arm_control.egg-info/entry_points.txt
[2.945s] writing requirements to ../../build/arm_control/arm_control.egg-info/requires.txt
[2.945s] writing top-level names to ../../build/arm_control/arm_control.egg-info/top_level.txt
[2.945s] writing manifest file '../../build/arm_control/arm_control.egg-info/SOURCES.txt'
[2.950s] reading manifest file '../../build/arm_control/arm_control.egg-info/SOURCES.txt'
[2.952s] writing manifest file '../../build/arm_control/arm_control.egg-info/SOURCES.txt'
[2.953s] running build
[2.953s] running build_py
[2.954s] creating /home/abhinavparbhakar/SPEAR/Software_2023/build/arm_control/build
[2.954s] creating /home/abhinavparbhakar/SPEAR/Software_2023/build/arm_control/build/lib
[2.955s] creating /home/abhinavparbhakar/SPEAR/Software_2023/build/arm_control/build/lib/arm_control
[2.956s] copying arm_control/arm_control_node.py -> /home/abhinavparbhakar/SPEAR/Software_2023/build/arm_control/build/lib/arm_control
[2.958s] copying arm_control/__init__.py -> /home/abhinavparbhakar/SPEAR/Software_2023/build/arm_control/build/lib/arm_control
[2.959s] running install
[2.963s] /usr/lib/python3/dist-packages/setuptools/command/install.py:34: SetuptoolsDeprecationWarning: setup.py install is deprecated. Use build and pip and other standards-based tools.
[2.963s]   warnings.warn(
[2.964s] running install_lib
[2.965s] creating /home/abhinavparbhakar/SPEAR/Software_2023/install/arm_control/lib/python3.10/site-packages/arm_control
[2.965s] copying /home/abhinavparbhakar/SPEAR/Software_2023/build/arm_control/build/lib/arm_control/arm_control_node.py -> /home/abhinavparbhakar/SPEAR/Software_2023/install/arm_control/lib/python3.10/site-packages/arm_control
[2.965s] copying /home/abhinavparbhakar/SPEAR/Software_2023/build/arm_control/build/lib/arm_control/__init__.py -> /home/abhinavparbhakar/SPEAR/Software_2023/install/arm_control/lib/python3.10/site-packages/arm_control
[2.967s] byte-compiling /home/abhinavparbhakar/SPEAR/Software_2023/install/arm_control/lib/python3.10/site-packages/arm_control/arm_control_node.py to arm_control_node.cpython-310.pyc
[2.970s] byte-compiling /home/abhinavparbhakar/SPEAR/Software_2023/install/arm_control/lib/python3.10/site-packages/arm_control/__init__.py to __init__.cpython-310.pyc
[2.971s] running install_data
[2.972s] creating /home/abhinavparbhakar/SPEAR/Software_2023/install/arm_control/share/ament_index
[2.973s] creating /home/abhinavparbhakar/SPEAR/Software_2023/install/arm_control/share/ament_index/resource_index
[2.974s] creating /home/abhinavparbhakar/SPEAR/Software_2023/install/arm_control/share/ament_index/resource_index/packages
[2.974s] copying resource/arm_control -> /home/abhinavparbhakar/SPEAR/Software_2023/install/arm_control/share/ament_index/resource_index/packages
[2.975s] copying package.xml -> /home/abhinavparbhakar/SPEAR/Software_2023/install/arm_control/share/arm_control
[2.975s] running install_egg_info
[2.978s] Copying ../../build/arm_control/arm_control.egg-info to /home/abhinavparbhakar/SPEAR/Software_2023/install/arm_control/lib/python3.10/site-packages/arm_control-0.0.0-py3.10.egg-info
[2.980s] running install_scripts
[3.054s] Installing arm_node script to /home/abhinavparbhakar/SPEAR/Software_2023/install/arm_control/lib/arm_control
[3.056s] writing list of installed files to '/home/abhinavparbhakar/SPEAR/Software_2023/build/arm_control/install.log'
[3.122s] Invoked command in '/home/abhinavparbhakar/SPEAR/Software_2023/src/arm_control' returned '0': PYTHONPATH=/home/abhinavparbhakar/SPEAR/Software_2023/build/arm_control/prefix_override:/home/abhinavparbhakar/SPEAR/Software_2023/install/arm_control/lib/python3.10/site-packages:${PYTHONPATH} /usr/bin/python3 setup.py egg_info --egg-base ../../build/arm_control build --build-base /home/abhinavparbhakar/SPEAR/Software_2023/build/arm_control/build install --record /home/abhinavparbhakar/SPEAR/Software_2023/build/arm_control/install.log --single-version-externally-managed
