[0.555s] Invoking command in '/home/indy03/Desktop/Software_2023/src/arm_control': PYTHONPATH=/home/indy03/Desktop/Software_2023/build/arm_control/prefix_override:/home/indy03/Desktop/Software_2023/install/arm_control/lib/python3.10/site-packages:${PYTHONPATH} /usr/bin/python3 setup.py egg_info --egg-base ../../build/arm_control build --build-base /home/indy03/Desktop/Software_2023/build/arm_control/build install --record /home/indy03/Desktop/Software_2023/build/arm_control/install.log --single-version-externally-managed
[0.675s] running egg_info
[0.675s] creating ../../build/arm_control/arm_control.egg-info
[0.675s] writing ../../build/arm_control/arm_control.egg-info/PKG-INFO
[0.675s] writing dependency_links to ../../build/arm_control/arm_control.egg-info/dependency_links.txt
[0.675s] writing entry points to ../../build/arm_control/arm_control.egg-info/entry_points.txt
[0.676s] writing requirements to ../../build/arm_control/arm_control.egg-info/requires.txt
[0.676s] writing top-level names to ../../build/arm_control/arm_control.egg-info/top_level.txt
[0.676s] writing manifest file '../../build/arm_control/arm_control.egg-info/SOURCES.txt'
[0.676s] reading manifest file '../../build/arm_control/arm_control.egg-info/SOURCES.txt'
[0.677s] writing manifest file '../../build/arm_control/arm_control.egg-info/SOURCES.txt'
[0.677s] running build
[0.677s] running build_py
[0.677s] creating /home/indy03/Desktop/Software_2023/build/arm_control/build
[0.677s] creating /home/indy03/Desktop/Software_2023/build/arm_control/build/lib
[0.678s] creating /home/indy03/Desktop/Software_2023/build/arm_control/build/lib/arm_control
[0.678s] copying arm_control/arm_control_node.py -> /home/indy03/Desktop/Software_2023/build/arm_control/build/lib/arm_control
[0.678s] copying arm_control/__init__.py -> /home/indy03/Desktop/Software_2023/build/arm_control/build/lib/arm_control
[0.678s] /usr/lib/python3/dist-packages/setuptools/command/install.py:34: SetuptoolsDeprecationWarning: setup.py install is deprecated. Use build and pip and other standards-based tools.
[0.678s]   warnings.warn(
[0.678s] running install
[0.678s] running install_lib
[0.678s] creating /home/indy03/Desktop/Software_2023/install/arm_control/lib/python3.10/site-packages/arm_control
[0.679s] copying /home/indy03/Desktop/Software_2023/build/arm_control/build/lib/arm_control/arm_control_node.py -> /home/indy03/Desktop/Software_2023/install/arm_control/lib/python3.10/site-packages/arm_control
[0.679s] copying /home/indy03/Desktop/Software_2023/build/arm_control/build/lib/arm_control/__init__.py -> /home/indy03/Desktop/Software_2023/install/arm_control/lib/python3.10/site-packages/arm_control
[0.679s] byte-compiling /home/indy03/Desktop/Software_2023/install/arm_control/lib/python3.10/site-packages/arm_control/arm_control_node.py to arm_control_node.cpython-310.pyc
[0.679s] byte-compiling /home/indy03/Desktop/Software_2023/install/arm_control/lib/python3.10/site-packages/arm_control/__init__.py to __init__.cpython-310.pyc
[0.679s] running install_data
[0.679s] creating /home/indy03/Desktop/Software_2023/install/arm_control/share/ament_index
[0.679s] creating /home/indy03/Desktop/Software_2023/install/arm_control/share/ament_index/resource_index
[0.680s] creating /home/indy03/Desktop/Software_2023/install/arm_control/share/ament_index/resource_index/packages
[0.680s] copying resource/arm_control -> /home/indy03/Desktop/Software_2023/install/arm_control/share/ament_index/resource_index/packages
[0.680s] copying package.xml -> /home/indy03/Desktop/Software_2023/install/arm_control/share/arm_control
[0.680s] running install_egg_info
[0.680s] Copying ../../build/arm_control/arm_control.egg-info to /home/indy03/Desktop/Software_2023/install/arm_control/lib/python3.10/site-packages/arm_control-0.0.0-py3.10.egg-info
[0.681s] running install_scripts
[0.694s] Installing arm_node script to /home/indy03/Desktop/Software_2023/install/arm_control/lib/arm_control
[0.694s] writing list of installed files to '/home/indy03/Desktop/Software_2023/build/arm_control/install.log'
[0.728s] Invoked command in '/home/indy03/Desktop/Software_2023/src/arm_control' returned '0': PYTHONPATH=/home/indy03/Desktop/Software_2023/build/arm_control/prefix_override:/home/indy03/Desktop/Software_2023/install/arm_control/lib/python3.10/site-packages:${PYTHONPATH} /usr/bin/python3 setup.py egg_info --egg-base ../../build/arm_control build --build-base /home/indy03/Desktop/Software_2023/build/arm_control/build install --record /home/indy03/Desktop/Software_2023/build/arm_control/install.log --single-version-externally-managed
